<?xml version="1.0" encoding="utf-8" standalone="no"?>
<test-run id="2" testcasecount="6" result="Failed" total="6" passed="1" failed="0" inconclusive="0" skipped="5" asserts="0" engine-version="3.6.0.0" clr-version="4.0.30319.42000" start-time="2018-02-05 19:23:28Z" end-time="2018-02-05 19:23:51Z" duration="22.643347">
  <command-line><![CDATA[nunit3-console.exe  SeleniumTestBeta.dll --x86]]></command-line>
  <test-suite type="Assembly" id="0-1021" name="SeleniumTestBeta.dll" fullname="C:\Selenium-Sample\Selenium Automation\Selenium Automation\SeleniumTestBeta_Binaries\SeleniumTestBeta.dll" runstate="Runnable" testcasecount="6" result="Failed" site="Child" start-time="2018-02-05 19:23:30Z" end-time="2018-02-05 19:23:51Z" duration="21.403694" total="6" passed="1" failed="0" warnings="0" inconclusive="0" skipped="5" asserts="0">
    <environment framework-version="3.6.0.0" clr-version="4.0.30319.42000" os-version="Microsoft Windows NT 10.0.14393.0" platform="Win32NT" cwd="C:\Selenium-Sample\Selenium Automation\Selenium Automation\SeleniumTestBeta_Binaries" machine-name="USSCCMCHEGOND02" user="mchegondi" user-domain="US" culture="en-US" uiculture="en-US" os-architecture="x86" />
    <settings>
      <setting name="RunAsX86" value="True" />
      <setting name="DisposeRunners" value="True" />
      <setting name="WorkDirectory" value="C:\Selenium-Sample\Selenium Automation\Selenium Automation\SeleniumTestBeta_Binaries" />
      <setting name="ImageRuntimeVersion" value="4.0.30319" />
      <setting name="ImageTargetFrameworkName" value=".NETFramework,Version=v4.5" />
      <setting name="ImageRequiresX86" value="False" />
      <setting name="ImageRequiresDefaultAppDomainAssemblyResolver" value="False" />
      <setting name="NumberOfTestWorkers" value="4" />
    </settings>
    <properties>
      <property name="_PID" value="14880" />
      <property name="_APPDOMAIN" value="domain-" />
    </properties>
    <failure>
      <message><![CDATA[One or more child tests had errors]]></message>
    </failure>
    <test-suite type="SetUpFixture" id="0-1000" name="SeleniumTests" fullname="SeleniumTests.SeleniumTest" classname="SeleniumTests.SeleniumTest" runstate="Runnable" testcasecount="6" result="Failed" label="Error" site="TearDown" start-time="2018-02-05 19:23:30Z" end-time="2018-02-05 19:23:51Z" duration="21.382453" total="6" passed="1" failed="0" warnings="0" inconclusive="0" skipped="5" asserts="0">
      <failure>
        <message><![CDATA[One or more child tests were ignored
TearDown : System.ArgumentException : Column 'TestCaseName' does not belong to table .]]></message>
        <stack-trace><![CDATA[--TearDown
   at System.Data.DataRow.GetDataColumn(String columnName)
   at System.Data.DataRow.get_Item(String columnName)
   at SeleniumTestBeta.Commands.Reports.ExportToHTML(DataTable dt, String tcName, String browserName, String bMName, Reports report) in c:\Selenium_TFS\MyFirstProject\SeleniumTestBeta 3.0 Remote\SeleniumTestBeta 3.0 Remote\SeleniumTestBeta\Utilities\Reports.cs:line 283
   at SeleniumTests.SeleniumTest.writeReport() in c:\Selenium_TFS\MyFirstProject\SeleniumTestBeta 3.0 Remote\SeleniumTestBeta 3.0 Remote\SeleniumTestBeta\WebTests\SeleniumTest.cs:line 56]]></stack-trace>
      </failure>
      <test-suite type="ParameterizedFixture" id="0-1020" name="SeleniumMasterStandalone" fullname="SeleniumTests.SeleniumMasterStandalone" runstate="Runnable" testcasecount="3" result="Skipped" label="Ignored" start-time="2018-02-05 19:23:30Z" end-time="2018-02-05 19:23:51Z" duration="21.260897" total="3" passed="1" failed="0" warnings="0" inconclusive="0" skipped="2" asserts="0">
        <reason>
          <message><![CDATA[One or more child tests were ignored]]></message>
        </reason>
        <test-suite type="TestFixture" id="0-1014" name="SeleniumMasterStandalone(&quot;Chrome&quot;)" fullname="SeleniumTests.SeleniumMasterStandalone(&quot;Chrome&quot;)" classname="SeleniumTests.SeleniumMasterStandalone" runstate="Runnable" testcasecount="1" result="Passed" start-time="2018-02-05 19:23:30Z" end-time="2018-02-05 19:23:51Z" duration="21.210741" total="1" passed="1" failed="0" warnings="0" inconclusive="0" skipped="0" asserts="0">
          <properties>
            <property name="ParallelScope" value="None" />
          </properties>
          <test-suite type="ParameterizedMethod" id="0-1016" name="SampleMethodStandalone" fullname="SeleniumTests.SeleniumMasterStandalone.SampleMethodStandalone" classname="SeleniumTests.SeleniumMasterStandalone" runstate="Runnable" testcasecount="1" result="Passed" start-time="2018-02-05 19:23:30Z" end-time="2018-02-05 19:23:50Z" duration="20.743349" total="1" passed="1" failed="0" warnings="0" inconclusive="0" skipped="0" asserts="0">
            <test-case id="0-1015" name="SampleMethodStandalone(&quot;GoogleSearchText:1&quot;)" fullname="SeleniumTests.SeleniumMasterStandalone(&quot;Chrome&quot;).SampleMethodStandalone(&quot;GoogleSearchText:1&quot;)" methodname="SampleMethodStandalone" classname="SeleniumTests.SeleniumMasterStandalone" runstate="Runnable" seed="1870623257" result="Passed" start-time="2018-02-05 19:23:30Z" end-time="2018-02-05 19:23:50Z" duration="20.732179" asserts="0" />
          </test-suite>
        </test-suite>
        <test-suite type="TestFixture" id="0-1011" name="SeleniumMasterStandalone(&quot;Firefox&quot;)" fullname="SeleniumTests.SeleniumMasterStandalone(&quot;Firefox&quot;)" classname="SeleniumTests.SeleniumMasterStandalone" runstate="Runnable" testcasecount="1" result="Skipped" label="Ignored" start-time="2018-02-05 19:23:51Z" end-time="2018-02-05 19:23:51Z" duration="0.029142" total="1" passed="0" failed="0" warnings="0" inconclusive="0" skipped="1" asserts="0">
          <properties>
            <property name="ParallelScope" value="None" />
          </properties>
          <reason>
            <message><![CDATA[One or more child tests were ignored]]></message>
          </reason>
          <test-suite type="ParameterizedMethod" id="0-1013" name="SampleMethodStandalone" fullname="SeleniumTests.SeleniumMasterStandalone.SampleMethodStandalone" classname="SeleniumTests.SeleniumMasterStandalone" runstate="Runnable" testcasecount="1" result="Skipped" label="Ignored" start-time="2018-02-05 19:23:51Z" end-time="2018-02-05 19:23:51Z" duration="0.025120" total="1" passed="0" failed="0" warnings="0" inconclusive="0" skipped="1" asserts="0">
            <reason>
              <message><![CDATA[One or more child tests were ignored]]></message>
            </reason>
            <test-case id="0-1012" name="SampleMethodStandalone(&quot;GoogleSearchText:1&quot;)" fullname="SeleniumTests.SeleniumMasterStandalone(&quot;Firefox&quot;).SampleMethodStandalone(&quot;GoogleSearchText:1&quot;)" methodname="SampleMethodStandalone" classname="SeleniumTests.SeleniumMasterStandalone" runstate="Runnable" seed="1591930142" result="Skipped" label="Ignored" start-time="2018-02-05 19:23:51Z" end-time="2018-02-05 19:23:51Z" duration="0.021080" asserts="0">
              <reason>
                <message><![CDATA[Test Case GoogleSearchText was not Selected]]></message>
              </reason>
            </test-case>
          </test-suite>
        </test-suite>
        <test-suite type="TestFixture" id="0-1017" name="SeleniumMasterStandalone(&quot;IE&quot;)" fullname="SeleniumTests.SeleniumMasterStandalone(&quot;IE&quot;)" classname="SeleniumTests.SeleniumMasterStandalone" runstate="Runnable" testcasecount="1" result="Skipped" label="Ignored" start-time="2018-02-05 19:23:51Z" end-time="2018-02-05 19:23:51Z" duration="0.010137" total="1" passed="0" failed="0" warnings="0" inconclusive="0" skipped="1" asserts="0">
          <properties>
            <property name="ParallelScope" value="None" />
          </properties>
          <reason>
            <message><![CDATA[One or more child tests were ignored]]></message>
          </reason>
          <test-suite type="ParameterizedMethod" id="0-1019" name="SampleMethodStandalone" fullname="SeleniumTests.SeleniumMasterStandalone.SampleMethodStandalone" classname="SeleniumTests.SeleniumMasterStandalone" runstate="Runnable" testcasecount="1" result="Skipped" label="Ignored" start-time="2018-02-05 19:23:51Z" end-time="2018-02-05 19:23:51Z" duration="0.006035" total="1" passed="0" failed="0" warnings="0" inconclusive="0" skipped="1" asserts="0">
            <reason>
              <message><![CDATA[One or more child tests were ignored]]></message>
            </reason>
            <test-case id="0-1018" name="SampleMethodStandalone(&quot;GoogleSearchText:1&quot;)" fullname="SeleniumTests.SeleniumMasterStandalone(&quot;IE&quot;).SampleMethodStandalone(&quot;GoogleSearchText:1&quot;)" methodname="SampleMethodStandalone" classname="SeleniumTests.SeleniumMasterStandalone" runstate="Runnable" seed="658436865" result="Skipped" label="Ignored" start-time="2018-02-05 19:23:51Z" end-time="2018-02-05 19:23:51Z" duration="0.002685" asserts="0">
              <reason>
                <message><![CDATA[Test Case GoogleSearchText was not Selected]]></message>
              </reason>
            </test-case>
          </test-suite>
        </test-suite>
      </test-suite>
      <test-suite type="ParameterizedFixture" id="0-1010" name="SeleniumMasterParallel" fullname="SeleniumTests.SeleniumMasterParallel" runstate="Runnable" testcasecount="3" result="Skipped" label="Ignored" start-time="2018-02-05 19:23:30Z" end-time="2018-02-05 19:23:51Z" duration="21.279012" total="3" passed="0" failed="0" warnings="0" inconclusive="0" skipped="3" asserts="0">
        <reason>
          <message><![CDATA[One or more child tests were ignored]]></message>
        </reason>
        <test-suite type="TestFixture" id="0-1004" name="SeleniumMasterParallel(&quot;Chrome&quot;)" fullname="SeleniumTests.SeleniumMasterParallel(&quot;Chrome&quot;)" classname="SeleniumTests.SeleniumMasterParallel" runstate="Runnable" testcasecount="1" result="Skipped" label="Ignored" start-time="2018-02-05 19:23:51Z" end-time="2018-02-05 19:23:51Z" duration="0.007438" total="1" passed="0" failed="0" warnings="0" inconclusive="0" skipped="1" asserts="0">
          <properties>
            <property name="ParallelScope" value="Fixtures" />
          </properties>
          <reason>
            <message><![CDATA[Excluding parallel execution of test fixtures.]]></message>
          </reason>
          <test-suite type="ParameterizedMethod" id="0-1006" name="SampleMethod" fullname="SeleniumTests.SeleniumMasterParallel.SampleMethod" classname="SeleniumTests.SeleniumMasterParallel" runstate="Runnable" testcasecount="1" result="Skipped" label="Ignored" site="Parent" start-time="0001-01-01 00:00:00Z" end-time="0001-01-01 00:00:00Z" duration="0.000000" total="0" passed="0" failed="0" warnings="0" inconclusive="0" skipped="0" asserts="0">
            <reason>
              <message><![CDATA[OneTimeSetUp: Excluding parallel execution of test fixtures.]]></message>
            </reason>
          </test-suite>
          <test-case id="0-1005" name="SampleMethod(&quot;GoogleSearchText:1&quot;)" fullname="SeleniumTests.SeleniumMasterParallel(&quot;Chrome&quot;).SampleMethod(&quot;GoogleSearchText:1&quot;)" methodname="SampleMethod" classname="SeleniumTests.SeleniumMasterParallel" runstate="Runnable" seed="1374073802" result="Skipped" label="Ignored" site="Parent" start-time="0001-01-01 00:00:00Z" end-time="0001-01-01 00:00:00Z" duration="0.000000" asserts="0">
            <reason>
              <message><![CDATA[OneTimeSetUp: Excluding parallel execution of test fixtures.]]></message>
            </reason>
          </test-case>
        </test-suite>
        <test-suite type="TestFixture" id="0-1001" name="SeleniumMasterParallel(&quot;IE&quot;)" fullname="SeleniumTests.SeleniumMasterParallel(&quot;IE&quot;)" classname="SeleniumTests.SeleniumMasterParallel" runstate="Runnable" testcasecount="1" result="Skipped" label="Ignored" start-time="2018-02-05 19:23:51Z" end-time="2018-02-05 19:23:51Z" duration="0.007361" total="1" passed="0" failed="0" warnings="0" inconclusive="0" skipped="1" asserts="0">
          <properties>
            <property name="ParallelScope" value="Fixtures" />
          </properties>
          <reason>
            <message><![CDATA[Excluding parallel execution of test fixtures.]]></message>
          </reason>
          <test-suite type="ParameterizedMethod" id="0-1003" name="SampleMethod" fullname="SeleniumTests.SeleniumMasterParallel.SampleMethod" classname="SeleniumTests.SeleniumMasterParallel" runstate="Runnable" testcasecount="1" result="Skipped" label="Ignored" site="Parent" start-time="0001-01-01 00:00:00Z" end-time="0001-01-01 00:00:00Z" duration="0.000000" total="0" passed="0" failed="0" warnings="0" inconclusive="0" skipped="0" asserts="0">
            <reason>
              <message><![CDATA[OneTimeSetUp: Excluding parallel execution of test fixtures.]]></message>
            </reason>
          </test-suite>
          <test-case id="0-1002" name="SampleMethod(&quot;GoogleSearchText:1&quot;)" fullname="SeleniumTests.SeleniumMasterParallel(&quot;IE&quot;).SampleMethod(&quot;GoogleSearchText:1&quot;)" methodname="SampleMethod" classname="SeleniumTests.SeleniumMasterParallel" runstate="Runnable" seed="591857106" result="Skipped" label="Ignored" site="Parent" start-time="0001-01-01 00:00:00Z" end-time="0001-01-01 00:00:00Z" duration="0.000000" asserts="0">
            <reason>
              <message><![CDATA[OneTimeSetUp: Excluding parallel execution of test fixtures.]]></message>
            </reason>
          </test-case>
        </test-suite>
        <test-suite type="TestFixture" id="0-1007" name="SeleniumMasterParallel(&quot;Firefox&quot;)" fullname="SeleniumTests.SeleniumMasterParallel(&quot;Firefox&quot;)" classname="SeleniumTests.SeleniumMasterParallel" runstate="Runnable" testcasecount="1" result="Skipped" label="Ignored" start-time="2018-02-05 19:23:51Z" end-time="2018-02-05 19:23:51Z" duration="0.007346" total="1" passed="0" failed="0" warnings="0" inconclusive="0" skipped="1" asserts="0">
          <properties>
            <property name="ParallelScope" value="Fixtures" />
          </properties>
          <reason>
            <message><![CDATA[Excluding parallel execution of test fixtures.]]></message>
          </reason>
          <test-suite type="ParameterizedMethod" id="0-1009" name="SampleMethod" fullname="SeleniumTests.SeleniumMasterParallel.SampleMethod" classname="SeleniumTests.SeleniumMasterParallel" runstate="Runnable" testcasecount="1" result="Skipped" label="Ignored" site="Parent" start-time="0001-01-01 00:00:00Z" end-time="0001-01-01 00:00:00Z" duration="0.000000" total="0" passed="0" failed="0" warnings="0" inconclusive="0" skipped="0" asserts="0">
            <reason>
              <message><![CDATA[OneTimeSetUp: Excluding parallel execution of test fixtures.]]></message>
            </reason>
          </test-suite>
          <test-case id="0-1008" name="SampleMethod(&quot;GoogleSearchText:1&quot;)" fullname="SeleniumTests.SeleniumMasterParallel(&quot;Firefox&quot;).SampleMethod(&quot;GoogleSearchText:1&quot;)" methodname="SampleMethod" classname="SeleniumTests.SeleniumMasterParallel" runstate="Runnable" seed="1909347157" result="Skipped" label="Ignored" site="Parent" start-time="0001-01-01 00:00:00Z" end-time="0001-01-01 00:00:00Z" duration="0.000000" asserts="0">
            <reason>
              <message><![CDATA[OneTimeSetUp: Excluding parallel execution of test fixtures.]]></message>
            </reason>
          </test-case>
        </test-suite>
      </test-suite>
    </test-suite>
  </test-suite>
</test-run>